2025-02-17 22:23:16,090 DEBUG Horse : Создание Horse, имя [Лобстер], скорость [2.8]
2025-02-17 22:23:16,099 DEBUG Horse : Создание Horse, имя [Лобстер], скорость [2.8]
2025-02-17 22:23:16,099 DEBUG Horse : Создание Horse, имя [Лобстер], скорость [2.8]
2025-02-17 22:23:16,099 DEBUG Horse : Создание Horse, имя [Лобстер], скорость [2.8]
2025-02-17 22:23:16,099 DEBUG Horse : Создание Horse, имя [Лобстер], скорость [2.8]
2025-02-17 22:23:16,099 DEBUG Horse : Создание Horse, имя [Лобстер], скорость [2.8]
2025-02-17 22:23:16,099 DEBUG Horse : Создание Horse, имя [Лобстер], скорость [2.8]
2025-02-17 22:23:16,101 DEBUG Hippodrome : Создание Hippodrome, лошадей [7]
2025-02-17 22:23:16,101 INFO  Main : Начало скачек. Количество участников: 7
2025-02-17 22:23:19,243 INFO  Main : Окончание скачек. Победитель: Вишня
2025-02-17 22:34:02,833 DEBUG Horse : Создание Horse, имя [Лобстер], скорость [2.8]
2025-02-17 22:34:02,836 DEBUG Horse : Создание Horse, имя [Лобстер], скорость [2.8]
2025-02-17 22:34:02,836 DEBUG Horse : Создание Horse, имя [Лобстер], скорость [2.8]
2025-02-17 22:34:02,836 DEBUG Horse : Создание Horse, имя [Лобстер], скорость [2.8]
2025-02-17 22:34:02,836 DEBUG Horse : Создание Horse, имя [Лобстер], скорость [2.8]
2025-02-17 22:34:02,836 DEBUG Horse : Создание Horse, имя [Лобстер], скорость [2.8]
2025-02-17 22:34:02,836 DEBUG Horse : Создание Horse, имя [Лобстер], скорость [2.8]
2025-02-17 22:34:02,837 DEBUG Hippodrome : Создание Hippodrome, лошадей [7]
2025-02-17 22:34:02,837 INFO  Main : Начало скачек. Количество участников: 7
2025-02-17 22:34:05,958 INFO  Main : Окончание скачек. Победитель: Вишня
2025-02-17 22:34:26,373 DEBUG Hippodrome : Создание Hippodrome, лошадей [7]
2025-02-17 22:34:26,478 ERROR Hippodrome : Horses is empty.
2025-02-17 22:34:26,483 ERROR Hippodrome : Horses list is null
2025-02-17 22:34:26,487 ERROR Hippodrome : Horses list is null
2025-02-17 22:34:26,489 ERROR Hippodrome : Horses is empty.
2025-02-17 22:34:26,491 DEBUG Horse : Создание Horse, имя [Лобстер], скорость [2.8]
2025-02-17 22:34:26,491 DEBUG Horse : Создание Horse, имя [Лобстер], скорость [2.8]
2025-02-17 22:34:26,491 DEBUG Horse : Создание Horse, имя [Лобстер], скорость [2.8]
2025-02-17 22:34:26,491 DEBUG Horse : Создание Horse, имя [Лобстер], скорость [2.8]
2025-02-17 22:34:26,492 DEBUG Horse : Создание Horse, имя [Лобстер], скорость [2.8]
2025-02-17 22:34:26,492 DEBUG Horse : Создание Horse, имя [Лобстер], скорость [2.8]
2025-02-17 22:34:26,492 DEBUG Horse : Создание Horse, имя [Лобстер], скорость [2.8]
2025-02-17 22:34:26,492 DEBUG Horse : Создание Horse, имя [Лобстер], скорость [2.8]
2025-02-17 22:34:26,492 DEBUG Horse : Создание Horse, имя [Лобстер], скорость [2.8]
2025-02-17 22:34:26,492 DEBUG Horse : Создание Horse, имя [Лобстер], скорость [2.8]
2025-02-17 22:34:26,492 DEBUG Horse : Создание Horse, имя [Лобстер], скорость [2.8]
2025-02-17 22:34:26,492 DEBUG Horse : Создание Horse, имя [Лобстер], скорость [2.8]
2025-02-17 22:34:26,492 DEBUG Horse : Создание Horse, имя [Лобстер], скорость [2.8]
2025-02-17 22:34:26,492 DEBUG Horse : Создание Horse, имя [Лобстер], скорость [2.8]
2025-02-17 22:34:26,492 DEBUG Horse : Создание Horse, имя [Лобстер], скорость [2.8]
2025-02-17 22:34:26,492 DEBUG Horse : Создание Horse, имя [Лобстер], скорость [2.8]
2025-02-17 22:34:26,492 DEBUG Horse : Создание Horse, имя [Лобстер], скорость [2.8]
2025-02-17 22:34:26,493 DEBUG Horse : Создание Horse, имя [Лобстер], скорость [2.8]
2025-02-17 22:34:26,493 DEBUG Horse : Создание Horse, имя [Лобстер], скорость [2.8]
2025-02-17 22:34:26,493 DEBUG Horse : Создание Horse, имя [Лобстер], скорость [2.8]
2025-02-17 22:34:26,493 DEBUG Horse : Создание Horse, имя [Лобстер], скорость [2.8]
2025-02-17 22:34:26,493 DEBUG Horse : Создание Horse, имя [Лобстер], скорость [2.8]
2025-02-17 22:34:26,493 DEBUG Horse : Создание Horse, имя [Лобстер], скорость [2.8]
2025-02-17 22:34:26,493 DEBUG Horse : Создание Horse, имя [Лобстер], скорость [2.8]
2025-02-17 22:34:26,493 DEBUG Horse : Создание Horse, имя [Лобстер], скорость [2.8]
2025-02-17 22:34:26,493 DEBUG Horse : Создание Horse, имя [Лобстер], скорость [2.8]
2025-02-17 22:34:26,493 DEBUG Horse : Создание Horse, имя [Лобстер], скорость [2.8]
2025-02-17 22:34:26,493 DEBUG Horse : Создание Horse, имя [Лобстер], скорость [2.8]
2025-02-17 22:34:26,493 DEBUG Horse : Создание Horse, имя [Лобстер], скорость [2.8]
2025-02-17 22:34:26,493 DEBUG Horse : Создание Horse, имя [Лобстер], скорость [2.8]
2025-02-17 22:34:26,493 DEBUG Hippodrome : Создание Hippodrome, лошадей [7]
2025-02-17 22:34:26,495 DEBUG Horse : Создание Horse, имя [Лобстер], скорость [2.8]
2025-02-17 22:34:26,495 DEBUG Horse : Создание Horse, имя [Лобстер], скорость [2.8]
2025-02-17 22:34:26,496 DEBUG Horse : Создание Horse, имя [Лобстер], скорость [2.8]
2025-02-17 22:34:26,496 DEBUG Horse : Создание Horse, имя [Лобстер], скорость [2.8]
2025-02-17 22:34:26,496 DEBUG Horse : Создание Horse, имя [Лобстер], скорость [2.8]
2025-02-17 22:34:26,496 DEBUG Horse : Создание Horse, имя [Лобстер], скорость [2.8]
2025-02-17 22:34:26,496 DEBUG Horse : Создание Horse, имя [Лобстер], скорость [2.8]
2025-02-17 22:34:26,496 DEBUG Horse : Создание Horse, имя [Лобстер], скорость [2.8]
2025-02-17 22:34:26,496 DEBUG Horse : Создание Horse, имя [Лобстер], скорость [2.8]
2025-02-17 22:34:26,496 DEBUG Horse : Создание Horse, имя [Лобстер], скорость [2.8]
2025-02-17 22:34:26,496 DEBUG Horse : Создание Horse, имя [Лобстер], скорость [2.8]
2025-02-17 22:34:26,496 DEBUG Horse : Создание Horse, имя [Лобстер], скорость [2.8]
2025-02-17 22:34:26,496 DEBUG Horse : Создание Horse, имя [Лобстер], скорость [2.8]
2025-02-17 22:34:26,496 DEBUG Horse : Создание Horse, имя [Лобстер], скорость [2.8]
2025-02-17 22:34:26,496 DEBUG Horse : Создание Horse, имя [Лобстер], скорость [2.8]
2025-02-17 22:34:26,496 DEBUG Horse : Создание Horse, имя [Лобстер], скорость [2.8]
2025-02-17 22:34:26,496 DEBUG Horse : Создание Horse, имя [Лобстер], скорость [2.8]
2025-02-17 22:34:26,496 DEBUG Horse : Создание Horse, имя [Лобстер], скорость [2.8]
2025-02-17 22:34:26,496 DEBUG Horse : Создание Horse, имя [Лобстер], скорость [2.8]
2025-02-17 22:34:26,497 DEBUG Horse : Создание Horse, имя [Лобстер], скорость [2.8]
2025-02-17 22:34:26,497 DEBUG Horse : Создание Horse, имя [Лобстер], скорость [2.8]
2025-02-17 22:34:26,497 DEBUG Horse : Создание Horse, имя [Лобстер], скорость [2.8]
2025-02-17 22:34:26,497 DEBUG Horse : Создание Horse, имя [Лобстер], скорость [2.8]
2025-02-17 22:34:26,497 DEBUG Horse : Создание Horse, имя [Лобстер], скорость [2.8]
2025-02-17 22:34:26,497 DEBUG Horse : Создание Horse, имя [Лобстер], скорость [2.8]
2025-02-17 22:34:26,497 DEBUG Horse : Создание Horse, имя [Лобстер], скорость [2.8]
2025-02-17 22:34:26,497 DEBUG Horse : Создание Horse, имя [Лобстер], скорость [2.8]
2025-02-17 22:34:26,497 DEBUG Horse : Создание Horse, имя [Лобстер], скорость [2.8]
2025-02-17 22:34:26,497 DEBUG Horse : Создание Horse, имя [Лобстер], скорость [2.8]
2025-02-17 22:34:26,497 DEBUG Horse : Создание Horse, имя [Лобстер], скорость [2.8]
2025-02-17 22:34:26,497 DEBUG Hippodrome : Создание Hippodrome, лошадей [7]
2025-02-17 22:34:26,517 ERROR Horse : Name is null.
2025-02-17 22:34:26,520 DEBUG Horse : Создание Horse, имя [Лобстер], скорость [2.8]
2025-02-17 22:34:26,576 ERROR Horse : Name is blank.
2025-02-17 22:34:26,582 ERROR Horse : Name is blank.
2025-02-17 22:34:26,585 ERROR Horse : Name is blank.
2025-02-17 22:34:26,587 ERROR Horse : Name is blank.
2025-02-17 22:34:26,589 ERROR Horse : Name is blank.
2025-02-17 22:34:26,591 ERROR Horse : Name is blank.
2025-02-17 22:34:26,594 ERROR Horse : Distance is negative.
2025-02-17 22:34:26,596 ERROR Horse : Distance is negative.
2025-02-17 22:34:26,598 DEBUG Horse : Создание Horse, имя [Лобстер], скорость [2.8]
2025-02-17 22:34:26,601 ERROR Horse : Name is null.
2025-02-17 22:34:26,604 DEBUG Horse : Создание Horse, имя [Лобстер], скорость [2.8]
2025-02-17 22:34:26,609 ERROR Horse : Speed is negative.
2025-02-17 22:34:26,610 ERROR Horse : Speed is negative.
2025-02-17 22:34:26,659 DEBUG Horse : Создание Horse, имя [Лобстер], скорость [2.8]
2025-02-17 22:34:26,663 DEBUG Horse : Создание Horse, имя [Лобстер], скорость [2.8]
2025-02-17 22:34:26,666 DEBUG Horse : Создание Horse, имя [Лобстер], скорость [2.8]
2025-02-17 22:34:26,670 ERROR Horse : Name is blank.
2025-02-17 22:34:26,672 ERROR Horse : Name is blank.
2025-02-17 22:34:26,674 ERROR Horse : Name is blank.
2025-02-17 22:34:26,676 ERROR Horse : Name is blank.
2025-02-17 22:34:26,678 ERROR Horse : Name is blank.
2025-02-17 22:34:26,680 ERROR Horse : Name is blank.
2025-02-17 22:34:26,681 DEBUG Horse : Создание Horse, имя [Лобстер], скорость [2.8]
2025-02-17 22:34:26,681 DEBUG Horse : Создание Horse, имя [Лобстер], скорость [2.8]
